{"name": "To check whether Rising Awards page is as required", "status": "broken", "statusDetails": {"message": "selenium.common.exceptions.TimeoutException: Message: \n\n", "trace": "  File \"C:\\Python\\Python39\\lib\\site-packages\\behave\\model.py\", line 1329, in run\n    match.run(runner.context)\n  File \"C:\\Python\\Python39\\lib\\site-packages\\behave\\matchers.py\", line 98, in run\n    self.func(context, *args, **kwargs)\n  File \"steps\\StepDefinitions.py\", line 30, in step_impl\n    verify_rising_awards_page_launch()\n  File \"C:\\git\\blavity\\blavity.com\\GUIAutomatedTests\\ShadowAndAct\\features\\steps\\rising_awards.py\", line 580, in verify_rising_awards_page_launch\n    verify_s_and_a_featured_articles()\n  File \"C:\\git\\blavity\\blavity.com\\GUIAutomatedTests\\ShadowAndAct\\features\\steps\\rising_awards.py\", line 537, in verify_s_and_a_featured_articles\n    WebDriverWait(driver, 40).until(ec.title_is(compare_2+\" - SHADOW & ACT\"))\n  File \"C:\\Python\\Python39\\lib\\site-packages\\selenium\\webdriver\\support\\wait.py\", line 80, in until\n    raise TimeoutException(message, screen, stacktrace)\n"}, "steps": [{"name": "Given url is launched", "status": "passed", "start": 1643628696311, "stop": 1643628719780}, {"name": "When I am on shadowandact page", "status": "passed", "start": 1643628719781, "stop": 1643628719792}, {"name": "Then check whether page is loaded", "status": "passed", "start": 1643628719792, "stop": 1643628719820}, {"name": "Then verify whether Rising Awards page is as required", "status": "broken", "statusDetails": {"message": "selenium.common.exceptions.TimeoutException: Message: \n\n", "trace": "  File \"C:\\Python\\Python39\\lib\\site-packages\\behave\\model.py\", line 1329, in run\n    match.run(runner.context)\n  File \"C:\\Python\\Python39\\lib\\site-packages\\behave\\matchers.py\", line 98, in run\n    self.func(context, *args, **kwargs)\n  File \"steps\\StepDefinitions.py\", line 30, in step_impl\n    verify_rising_awards_page_launch()\n  File \"C:\\git\\blavity\\blavity.com\\GUIAutomatedTests\\ShadowAndAct\\features\\steps\\rising_awards.py\", line 580, in verify_rising_awards_page_launch\n    verify_s_and_a_featured_articles()\n  File \"C:\\git\\blavity\\blavity.com\\GUIAutomatedTests\\ShadowAndAct\\features\\steps\\rising_awards.py\", line 537, in verify_s_and_a_featured_articles\n    WebDriverWait(driver, 40).until(ec.title_is(compare_2+\" - SHADOW & ACT\"))\n  File \"C:\\Python\\Python39\\lib\\site-packages\\selenium\\webdriver\\support\\wait.py\", line 80, in until\n    raise TimeoutException(message, screen, stacktrace)\n"}, "start": 1643628719820, "stop": 1643628810102}, {"name": "Then verify footer section is present and displayed", "status": "skipped", "start": 1643628810103, "stop": 1643628810103}, {"name": "Then close the browser", "status": "skipped", "start": 1643628810103, "stop": 1643628810103}], "start": 1643628696311, "stop": 1643628810103, "uuid": "2c922927-b0d6-4eec-81e8-639976e01caf", "historyId": "914ddddecb78acd0decd19afef0cea23", "fullName": "Check Whether rising awards page for blavity Website ShadowAndAct.com is appropriate: To check whether Rising Awards page is as required", "labels": [{"name": "severity", "value": "normal"}, {"name": "feature", "value": "Check Whether rising awards page for blavity Website ShadowAndAct.com is appropriate"}, {"name": "framework", "value": "behave"}, {"name": "language", "value": "cpython3"}]}