{"name": "Verify the different sections of the Home Page for ShadowAndAct.com", "status": "broken", "statusDetails": {"message": "selenium.common.exceptions.NoSuchElementException: Message: no such element: Unable to locate element: {\"method\":\"xpath\",\"selector\":\"//button[contains(text(),'load more stories')]\"}\n  (Session info: chrome=97.0.4692.99)\n\n", "trace": "  File \"C:\\Python\\Python39\\lib\\site-packages\\behave\\model.py\", line 1329, in run\n    match.run(runner.context)\n  File \"C:\\Python\\Python39\\lib\\site-packages\\behave\\matchers.py\", line 98, in run\n    self.func(context, *args, **kwargs)\n  File \"features\\steps\\StepDefinitions.py\", line 40, in step_impl\n    verify_latest_section()\n  File \"C:\\git\\blavity\\blavity.com\\GUIAutomatedTests\\ShadowAndAct\\features\\steps\\home_page_test.py\", line 170, in verify_latest_section\n    verify_load_more(len(temp_articles_in_latest))\n  File \"C:\\git\\blavity\\blavity.com\\GUIAutomatedTests\\ShadowAndAct\\features\\steps\\home_page_test.py\", line 233, in verify_load_more\n    load_more_articles = driver.find_element(By.XPATH, \"//button[contains(text(),'load more stories')]\")\n  File \"C:\\Python\\Python39\\lib\\site-packages\\selenium\\webdriver\\remote\\webdriver.py\", line 976, in find_element\n    return self.execute(Command.FIND_ELEMENT, {\n  File \"C:\\Python\\Python39\\lib\\site-packages\\selenium\\webdriver\\remote\\webdriver.py\", line 321, in execute\n    self.error_handler.check_response(response)\n  File \"C:\\Python\\Python39\\lib\\site-packages\\selenium\\webdriver\\remote\\errorhandler.py\", line 242, in check_response\n    raise exception_class(message, screen, stacktrace)\n"}, "steps": [{"name": "Given url is launched", "status": "passed", "start": 1643626135485, "stop": 1643626159316}, {"name": "When I am on shadowandact page", "status": "passed", "start": 1643626159316, "stop": 1643626159328}, {"name": "Then check whether page is loaded", "status": "passed", "start": 1643626159328, "stop": 1643626159354}, {"name": "Then verify latest section", "status": "broken", "statusDetails": {"message": "selenium.common.exceptions.NoSuchElementException: Message: no such element: Unable to locate element: {\"method\":\"xpath\",\"selector\":\"//button[contains(text(),'load more stories')]\"}\n  (Session info: chrome=97.0.4692.99)\n\n", "trace": "  File \"C:\\Python\\Python39\\lib\\site-packages\\behave\\model.py\", line 1329, in run\n    match.run(runner.context)\n  File \"C:\\Python\\Python39\\lib\\site-packages\\behave\\matchers.py\", line 98, in run\n    self.func(context, *args, **kwargs)\n  File \"features\\steps\\StepDefinitions.py\", line 40, in step_impl\n    verify_latest_section()\n  File \"C:\\git\\blavity\\blavity.com\\GUIAutomatedTests\\ShadowAndAct\\features\\steps\\home_page_test.py\", line 170, in verify_latest_section\n    verify_load_more(len(temp_articles_in_latest))\n  File \"C:\\git\\blavity\\blavity.com\\GUIAutomatedTests\\ShadowAndAct\\features\\steps\\home_page_test.py\", line 233, in verify_load_more\n    load_more_articles = driver.find_element(By.XPATH, \"//button[contains(text(),'load more stories')]\")\n  File \"C:\\Python\\Python39\\lib\\site-packages\\selenium\\webdriver\\remote\\webdriver.py\", line 976, in find_element\n    return self.execute(Command.FIND_ELEMENT, {\n  File \"C:\\Python\\Python39\\lib\\site-packages\\selenium\\webdriver\\remote\\webdriver.py\", line 321, in execute\n    self.error_handler.check_response(response)\n  File \"C:\\Python\\Python39\\lib\\site-packages\\selenium\\webdriver\\remote\\errorhandler.py\", line 242, in check_response\n    raise exception_class(message, screen, stacktrace)\n"}, "start": 1643626159354, "stop": 1643626216346}, {"name": "Then verify side bar sign up section", "status": "skipped", "start": 1643626216347, "stop": 1643626216347}, {"name": "Then close the browser", "status": "skipped", "start": 1643626216347, "stop": 1643626216347}], "start": 1643626135485, "stop": 1643626216347, "uuid": "b04f69af-1003-42f6-8b78-93be7c9a206e", "historyId": "441199b9608cfb433ef423168c4b6aae", "fullName": "Home Page Verification for ShadowAndAct.com: Verify the different sections of the Home Page for ShadowAndAct.com", "labels": [{"name": "severity", "value": "normal"}, {"name": "feature", "value": "Home Page Verification for ShadowAndAct.com"}, {"name": "framework", "value": "behave"}, {"name": "language", "value": "cpython3"}]}