{"name": "Verify the different sections of the Home Page for ShadowAndAct.com", "status": "broken", "statusDetails": {"message": "selenium.common.exceptions.TimeoutException: Message: \n\n", "trace": "  File \"C:\\Python\\Python39\\lib\\site-packages\\behave\\model.py\", line 1329, in run\n    match.run(runner.context)\n  File \"C:\\Python\\Python39\\lib\\site-packages\\behave\\matchers.py\", line 98, in run\n    self.func(context, *args, **kwargs)\n  File \"features\\steps\\StepDefinitions.py\", line 65, in step_impl\n    verify_post_click_more_originals_number_comparison()\n  File \"C:\\git\\blavity\\blavity.com\\GUIAutomatedTests\\ShadowAndAct\\features\\steps\\home_page_test.py\", line 421, in verify_post_click_more_originals_number_comparison\n    WebDriverWait(driver, 40).until(ec.title_is(\"S&A Originals - SHADOW & ACT\"))\n  File \"C:\\Python\\Python39\\lib\\site-packages\\selenium\\webdriver\\support\\wait.py\", line 80, in until\n    raise TimeoutException(message, screen, stacktrace)\n"}, "steps": [{"name": "Given url is launched", "status": "passed", "start": 1643626321387, "stop": 1643626345441}, {"name": "When I am on shadowandact page", "status": "passed", "start": 1643626345441, "stop": 1643626345447}, {"name": "Then check whether page is loaded", "status": "passed", "start": 1643626345447, "stop": 1643626345472}, {"name": "Then verify shadowandact originals section", "status": "passed", "start": 1643626345472, "stop": 1643626365136}, {"name": "Then verify post click count comparison under shadowandact originals", "status": "broken", "statusDetails": {"message": "selenium.common.exceptions.TimeoutException: Message: \n\n", "trace": "  File \"C:\\Python\\Python39\\lib\\site-packages\\behave\\model.py\", line 1329, in run\n    match.run(runner.context)\n  File \"C:\\Python\\Python39\\lib\\site-packages\\behave\\matchers.py\", line 98, in run\n    self.func(context, *args, **kwargs)\n  File \"features\\steps\\StepDefinitions.py\", line 65, in step_impl\n    verify_post_click_more_originals_number_comparison()\n  File \"C:\\git\\blavity\\blavity.com\\GUIAutomatedTests\\ShadowAndAct\\features\\steps\\home_page_test.py\", line 421, in verify_post_click_more_originals_number_comparison\n    WebDriverWait(driver, 40).until(ec.title_is(\"S&A Originals - SHADOW & ACT\"))\n  File \"C:\\Python\\Python39\\lib\\site-packages\\selenium\\webdriver\\support\\wait.py\", line 80, in until\n    raise TimeoutException(message, screen, stacktrace)\n"}, "start": 1643626365136, "stop": 1643626411679}, {"name": "Then verify other trending black news section", "status": "skipped", "start": 1643626411680, "stop": 1643626411680}, {"name": "Then close the browser", "status": "skipped", "start": 1643626411680, "stop": 1643626411680}], "start": 1643626321386, "stop": 1643626411680, "uuid": "5181249d-6ebe-4563-981d-b00b8bef38ec", "historyId": "441199b9608cfb433ef423168c4b6aae", "fullName": "Home Page Verification for ShadowAndAct.com: Verify the different sections of the Home Page for ShadowAndAct.com", "labels": [{"name": "severity", "value": "normal"}, {"name": "feature", "value": "Home Page Verification for ShadowAndAct.com"}, {"name": "framework", "value": "behave"}, {"name": "language", "value": "cpython3"}]}