{"name": "To check whether Rising Awards page is as required", "status": "broken", "statusDetails": {"message": "selenium.common.exceptions.TimeoutException: Message: \n\n", "trace": "  File \"C:\\Python\\Python39\\lib\\site-packages\\behave\\model.py\", line 1329, in run\n    match.run(runner.context)\n  File \"C:\\Python\\Python39\\lib\\site-packages\\behave\\matchers.py\", line 98, in run\n    self.func(context, *args, **kwargs)\n  File \"features\\steps\\StepDefinitions.py\", line 76, in step_impl\n    verify_rising_awards_page_launch()\n  File \"C:\\git\\blavity\\blavity.com\\GUIAutomatedTests\\ShadowAndAct\\features\\steps\\rising_awards.py\", line 581, in verify_rising_awards_page_launch\n    verify_s_and_a_featured_articles()\n  File \"C:\\git\\blavity\\blavity.com\\GUIAutomatedTests\\ShadowAndAct\\features\\steps\\rising_awards.py\", line 538, in verify_s_and_a_featured_articles\n    WebDriverWait(driver, 40).until(ec.title_is(compare_2+\" - SHADOW & ACT\"))\n  File \"C:\\Python\\Python39\\lib\\site-packages\\selenium\\webdriver\\support\\wait.py\", line 80, in until\n    raise TimeoutException(message, screen, stacktrace)\n"}, "steps": [{"name": "Given url is launched", "status": "passed", "start": 1644363507272, "stop": 1644363525966}, {"name": "When I am on shadowandact page", "status": "passed", "start": 1644363525966, "stop": 1644363525975}, {"name": "Then check whether page is loaded", "status": "passed", "start": 1644363525975, "stop": 1644363526002}, {"name": "Then verify whether Rising Awards page is as required", "status": "broken", "statusDetails": {"message": "selenium.common.exceptions.TimeoutException: Message: \n\n", "trace": "  File \"C:\\Python\\Python39\\lib\\site-packages\\behave\\model.py\", line 1329, in run\n    match.run(runner.context)\n  File \"C:\\Python\\Python39\\lib\\site-packages\\behave\\matchers.py\", line 98, in run\n    self.func(context, *args, **kwargs)\n  File \"features\\steps\\StepDefinitions.py\", line 76, in step_impl\n    verify_rising_awards_page_launch()\n  File \"C:\\git\\blavity\\blavity.com\\GUIAutomatedTests\\ShadowAndAct\\features\\steps\\rising_awards.py\", line 581, in verify_rising_awards_page_launch\n    verify_s_and_a_featured_articles()\n  File \"C:\\git\\blavity\\blavity.com\\GUIAutomatedTests\\ShadowAndAct\\features\\steps\\rising_awards.py\", line 538, in verify_s_and_a_featured_articles\n    WebDriverWait(driver, 40).until(ec.title_is(compare_2+\" - SHADOW & ACT\"))\n  File \"C:\\Python\\Python39\\lib\\site-packages\\selenium\\webdriver\\support\\wait.py\", line 80, in until\n    raise TimeoutException(message, screen, stacktrace)\n"}, "start": 1644363526002, "stop": 1644363620883}, {"name": "Then verify footer section is present and displayed", "status": "skipped", "start": 1644363620885, "stop": 1644363620885}, {"name": "Then close the browser", "status": "skipped", "start": 1644363620885, "stop": 1644363620885}], "start": 1644363507272, "stop": 1644363620885, "uuid": "640c1ab7-246c-4f26-af44-88fdaec244b5", "historyId": "914ddddecb78acd0decd19afef0cea23", "fullName": "Check Whether rising awards page for blavity Website ShadowAndAct.com is appropriate: To check whether Rising Awards page is as required", "labels": [{"name": "severity", "value": "normal"}, {"name": "feature", "value": "Check Whether rising awards page for blavity Website ShadowAndAct.com is appropriate"}, {"name": "framework", "value": "behave"}, {"name": "language", "value": "cpython3"}]}